<?xml version="1.0" encoding="UTF-8"?>
<testsuite xmlns:xsi="http://www.w3.org/2001/XMLSchema-instance" xsi:noNamespaceSchemaLocation="https://maven.apache.org/surefire/maven-surefire-plugin/xsd/surefire-test-report-3.0.xsd" version="3.0" name="com.example.springbootstudy.SpringbootStudyApplicationTests" time="1.708" tests="1" errors="0" skipped="0" failures="0">
  <properties>
[...]
</properties>
  <testcase name="contextLoads" classname="com.example.springbootstudy.SpringbootStudyApplicationTests" time="0.694">
    <system-out><![CDATA[15:51:56.447 [main] INFO org.springframework.test.context.support.AnnotationConfigContextLoaderUtils -- Could not detect default configuration classes for test class [com.example.springbootstudy.SpringbootStudyApplicationTests]: SpringbootStudyApplicationTests does not declare any static, non-private, non-final, nested classes annotated with @Configuration.
15:51:56.534 [main] INFO org.springframework.boot.test.context.SpringBootTestContextBootstrapper -- Found @SpringBootConfiguration com.example.springbootstudy.SpringbootStudyApplication for test class com.example.springbootstudy.SpringbootStudyApplicationTests

  .   ____          _            __ _ _
 /\\ / ___'_ __ _ _(_)_ __  __ _ \ \ \ \
( ( )\___ | '_ | '_| | '_ \/ _` | \ \ \ \
 \\/  ___)| |_)| | | | | || (_| |  ) ) ) )
  '  |____| .__|_| |_|_| |_\__, | / / / /
 =========|_|==============|___/=/_/_/_/

 :: Spring Boot ::                (v3.3.1)

2024-06-26T15:51:56.911+08:00  INFO 23264 --- [springboot-study] [           main] c.e.s.SpringbootStudyApplicationTests    : Starting SpringbootStudyApplicationTests using Java 22.0.1 with PID 23264 (started by Administrator in D:\javastudy\springboot-study)
2024-06-26T15:51:56.913+08:00  INFO 23264 --- [springboot-study] [           main] c.e.s.SpringbootStudyApplicationTests    : No active profile set, falling back to 1 default profile: "default"
2024-06-26T15:51:57.315+08:00  INFO 23264 --- [springboot-study] [           main] c.e.s.SpringbootStudyApplicationTests    : Started SpringbootStudyApplicationTests in 0.674 seconds (process running for 1.444)
]]></system-out>
    <system-err><![CDATA[WARNING: A Java agent has been loaded dynamically (C:\Users\Administrator\.m2\repository\net\bytebuddy\byte-buddy-agent\1.14.17\byte-buddy-agent-1.14.17.jar)
WARNING: If a serviceability tool is in use, please run with -XX:+EnableDynamicAgentLoading to hide this warning
WARNING: If a serviceability tool is not in use, please run with -Djdk.instrument.traceUsage for more information
WARNING: Dynamic loading of agents will be disallowed by default in a future release
]]></system-err>
  </testcase>
</testsuite>